CompileCommand: exclude com/intellij/openapi/vfs/impl/FilePartNodeRoot.trieDescend bool exclude = true
2024-10-10 19:12:13,576 [    999]   WARN - #c.i.s.ComponentManagerImpl - com.android.tools.idea.flags.StudioFlags <clinit> requests com.android.tools.idea.flags.StudioFlagSettings instance. Class initialization must not depend on services. Consider using instance of the service on-demand instead.
2024-10-10 19:12:14,618 [   2041]   WARN - #c.i.s.ComponentManagerImpl - com.intellij.platform.ide.menu.GlobalMenuLinux <clinit> requests com.intellij.openapi.application.Experiments instance. Class initialization must not depend on services. Consider using instance of the service on-demand instead.
2024-10-10 19:12:15,718 [   3141]   WARN - #c.i.s.ComponentManagerImpl - org.jetbrains.kotlin.idea.gradleJava.scripting.roots.GradleBuildRootDataSerializer <clinit> requests com.intellij.util.gist.storage.GistStorage instance. Class initialization must not depend on services. Consider using instance of the service on-demand instead.
2024-10-10 19:12:16,679 [   4102]   WARN - #c.i.u.j.JBCefApp - JCefAppConfig.class is not from a JBR module, url: jar:file:/home/t3nsa/android-studio/lib/lib.jar!/com/jetbrains/cef/JCefAppConfig.class (Use JBR bundled with the IDE)
2024-10-10 19:12:18,419 [   5842]   WARN - #com.android.tools.ndk.HotfixForOCInitialTablesBuildingActivity - Overriding OCInitialTablesBuildingActivity with HotfixForOCInitialTablesBuildingActivity
2024-10-10 19:12:18,433 [   5856]   WARN - #c.i.u.x.Binding - No accessors for com.intellij.openapi.roots.libraries.DummyLibraryProperties. This means that state class cannot be serialized properly. Please see https://jb.gg/ij-psoc
2024-10-10 19:12:18,744 [   6167]   WARN - #c.i.i.s.i.StartupManagerImpl - Migrate io.flutter.FlutterInitializer to ProjectActivity [Plugin: io.flutter]
com.intellij.diagnostic.PluginException: Migrate io.flutter.FlutterInitializer to ProjectActivity [Plugin: io.flutter]
	at com.intellij.ide.startup.impl.StartupManagerImpl.runPostStartupActivities(StartupManagerImpl.kt:276)
	at com.intellij.ide.startup.impl.StartupManagerImpl.access$runPostStartupActivities(StartupManagerImpl.kt:68)
	at com.intellij.ide.startup.impl.StartupManagerImpl$runPostStartupActivities$3$2.invokeSuspend(StartupManagerImpl.kt:191)
	at com.intellij.ide.startup.impl.StartupManagerImpl$runPostStartupActivities$3$2.invoke(StartupManagerImpl.kt)
	at com.intellij.ide.startup.impl.StartupManagerImpl$runPostStartupActivities$3$2.invoke(StartupManagerImpl.kt)
	at kotlinx.coroutines.intrinsics.UndispatchedKt.startUndispatchedOrReturn(Undispatched.kt:78)
	at kotlinx.coroutines.BuildersKt__Builders_commonKt.withContext(Builders.common.kt:167)
	at kotlinx.coroutines.BuildersKt.withContext(Unknown Source)
	at com.intellij.ide.startup.impl.StartupManagerImpl$runPostStartupActivities$3.invokeSuspend(StartupManagerImpl.kt:190)
	at kotlin.coroutines.jvm.internal.BaseContinuationImpl.resumeWith(ContinuationImpl.kt:33)
	at kotlinx.coroutines.DispatchedTask.run(DispatchedTask.kt:108)
	at kotlinx.coroutines.scheduling.CoroutineScheduler.runSafely(CoroutineScheduler.kt:584)
	at kotlinx.coroutines.scheduling.CoroutineScheduler$Worker.executeTask(CoroutineScheduler.kt:793)
	at kotlinx.coroutines.scheduling.CoroutineScheduler$Worker.runWorker(CoroutineScheduler.kt:697)
	at kotlinx.coroutines.scheduling.CoroutineScheduler$Worker.run(CoroutineScheduler.kt:684)
2024-10-10 19:12:18,752 [   6175]   WARN - #c.i.i.s.i.StartupManagerImpl - Migrate io.flutter.FlutterStudioStartupActivity to ProjectActivity [Plugin: io.flutter]
com.intellij.diagnostic.PluginException: Migrate io.flutter.FlutterStudioStartupActivity to ProjectActivity [Plugin: io.flutter]
	at com.intellij.ide.startup.impl.StartupManagerImpl.runPostStartupActivities(StartupManagerImpl.kt:276)
	at com.intellij.ide.startup.impl.StartupManagerImpl.access$runPostStartupActivities(StartupManagerImpl.kt:68)
	at com.intellij.ide.startup.impl.StartupManagerImpl$runPostStartupActivities$3$2.invokeSuspend(StartupManagerImpl.kt:191)
	at com.intellij.ide.startup.impl.StartupManagerImpl$runPostStartupActivities$3$2.invoke(StartupManagerImpl.kt)
	at com.intellij.ide.startup.impl.StartupManagerImpl$runPostStartupActivities$3$2.invoke(StartupManagerImpl.kt)
	at kotlinx.coroutines.intrinsics.UndispatchedKt.startUndispatchedOrReturn(Undispatched.kt:78)
	at kotlinx.coroutines.BuildersKt__Builders_commonKt.withContext(Builders.common.kt:167)
	at kotlinx.coroutines.BuildersKt.withContext(Unknown Source)
	at com.intellij.ide.startup.impl.StartupManagerImpl$runPostStartupActivities$3.invokeSuspend(StartupManagerImpl.kt:190)
	at kotlin.coroutines.jvm.internal.BaseContinuationImpl.resumeWith(ContinuationImpl.kt:33)
	at kotlinx.coroutines.DispatchedTask.run(DispatchedTask.kt:108)
	at kotlinx.coroutines.scheduling.CoroutineScheduler.runSafely(CoroutineScheduler.kt:584)
	at kotlinx.coroutines.scheduling.CoroutineScheduler$Worker.executeTask(CoroutineScheduler.kt:793)
	at kotlinx.coroutines.scheduling.CoroutineScheduler$Worker.runWorker(CoroutineScheduler.kt:697)
	at kotlinx.coroutines.scheduling.CoroutineScheduler$Worker.run(CoroutineScheduler.kt:684)
2024-10-10 19:12:19,452 [   6875]   WARN - #c.i.s.ComponentManagerImpl - com.jetbrains.cidr.lang.settings.OCCustomOptionCpp <clinit> requests com.intellij.util.LocaleSensitiveApplicationCacheService instance. Class initialization must not depend on services. Consider using instance of the service on-demand instead.
2024-10-10 19:12:20,867 [   8290]   WARN - #com.android.tools.idea.updater.SdkComponentSource - Errors during XML parse:
2024-10-10 19:12:20,868 [   8291]   WARN - #com.android.tools.idea.updater.SdkComponentSource - Additionally, the fallback loader failed to parse the XML.
2024-10-10 19:12:27,528 [  14951]   WARN - #c.i.o.v.n.p.PersistentFSImpl - Can't find root[#360377] in persistence
2024-10-10 19:12:34,828 [  22251]   WARN - #c.i.o.a.ActionStub - ActionGroup should be registered using <group> tag: id="Android.CreateResourcesActionGroup" class="org.jetbrains.android.actions.CreateResourceFileActionGroup"
2024-10-10 19:13:13,448 [  60871]   WARN - #c.i.u.x.Binding - No accessors for com.intellij.platform.feedback.impl.state.DontShowAgainFeedbackState. This means that state class cannot be serialized properly. Please see https://jb.gg/ij-psoc
2024-10-10 19:13:13,449 [  60872]   WARN - #c.i.u.x.Binding - No accessors for com.intellij.platform.feedback.impl.state.CommonFeedbackSurveysState. This means that state class cannot be serialized properly. Please see https://jb.gg/ij-psoc
2024-10-10 19:13:43,296 [  90719]   WARN - #c.i.o.p.i.j.JdkAuto - Multiple SdkType candidates kotlin.sequences.TransformingSequence@2330a541. Proceeding with a first candidate: JavaSDK
2024-10-10 19:13:43,806 [  91229]   WARN - #c.i.u.x.Binding - No accessors for org.jetbrains.kotlin.cli.common.arguments.InternalArgument. This means that state class cannot be serialized properly. Please see https://jb.gg/ij-psoc
2024-10-10 19:13:44,797 [  92220] SEVERE - #o.j.k.i.g.configuration - [Kotlin Facet]: cannot create facet for module 'android.app.main' due to unknown compiler version. Some functionality might become unavailable!
java.lang.Throwable: [Kotlin Facet]: cannot create facet for module 'android.app.main' due to unknown compiler version. Some functionality might become unavailable!
	at com.intellij.openapi.diagnostic.Logger.error(Logger.java:376)
	at org.jetbrains.kotlin.idea.gradleJava.configuration.KotlinGradleSourceSetDataServiceKt.configureFacetByGradleModule(KotlinGradleSourceSetDataService.kt:262)
	at org.jetbrains.kotlin.idea.gradleJava.configuration.KotlinGradleSourceSetDataServiceKt.configureFacetByGradleModule$default(KotlinGradleSourceSetDataService.kt:232)
	at org.jetbrains.kotlin.idea.gradleJava.configuration.KotlinGradleSourceSetDataService.postProcess(KotlinGradleSourceSetDataService.kt:108)
	at com.intellij.openapi.externalSystem.service.project.manage.ProjectDataManagerImpl.lambda$doImportData$7(ProjectDataManagerImpl.java:351)
	at com.intellij.openapi.externalSystem.service.project.manage.ProjectDataManagerImpl.lambda$importData$2(ProjectDataManagerImpl.java:184)
	at com.intellij.platform.diagnostic.telemetry.helpers.TraceKt.runWithSpan(trace.kt:113)
	at com.intellij.openapi.externalSystem.util.ExternalSystemTelemetryUtil.runWithSpan(ExternalSystemTelemetryUtil.java:28)
	at com.intellij.openapi.externalSystem.service.project.manage.ProjectDataManagerImpl.importData(ProjectDataManagerImpl.java:182)
	at com.intellij.openapi.externalSystem.service.project.manage.ProjectDataManagerImpl.importData(ProjectDataManagerImpl.java:92)
	at com.android.tools.idea.gradle.project.sync.idea.IdeaSyncPopulateProjectTask.populateProject(IdeaSyncPopulateProjectTask.java:59)
	at com.android.tools.idea.gradle.project.sync.idea.ProjectSetUpTask.doPopulateProject(ProjectSetUpTask.java:54)
	at com.android.tools.idea.gradle.project.sync.idea.ProjectSetUpTask.onSuccess(ProjectSetUpTask.java:48)
	at com.intellij.openapi.externalSystem.util.ExternalSystemUtil.handleSyncResult(ExternalSystemUtil.java:565)
	at com.intellij.openapi.externalSystem.util.ExternalSystemUtil.lambda$executeSync$0(ExternalSystemUtil.java:472)
	at com.intellij.platform.diagnostic.telemetry.helpers.TraceKt.runWithSpan(trace.kt:113)
	at com.intellij.openapi.externalSystem.util.ExternalSystemTelemetryUtil.runWithSpan(ExternalSystemTelemetryUtil.java:28)
	at com.intellij.openapi.externalSystem.util.ExternalSystemUtil.executeSync(ExternalSystemUtil.java:471)
	at com.intellij.openapi.externalSystem.util.ExternalSystemUtil$2.lambda$execute$0(ExternalSystemUtil.java:329)
	at com.intellij.platform.diagnostic.telemetry.helpers.TraceKt.runWithSpan(trace.kt:113)
	at com.intellij.openapi.externalSystem.util.ExternalSystemTelemetryUtil.runWithSpan(ExternalSystemTelemetryUtil.java:28)
	at com.intellij.openapi.externalSystem.util.ExternalSystemUtil$2.execute(ExternalSystemUtil.java:328)
	at com.intellij.openapi.externalSystem.util.ExternalSystemTaskUnderProgress$2.run(ExternalSystemTaskUnderProgress.java:53)
	at com.intellij.openapi.progress.impl.CoreProgressManager.startTask(CoreProgressManager.java:477)
	at com.intellij.openapi.progress.impl.ProgressManagerImpl.startTask(ProgressManagerImpl.java:133)
	at com.intellij.openapi.progress.impl.CoreProgressManager.lambda$runProcessWithProgressAsynchronously$6(CoreProgressManager.java:528)
	at com.intellij.openapi.progress.impl.ProgressRunner.lambda$submit$4(ProgressRunner.java:250)
	at com.intellij.openapi.progress.ProgressManager.lambda$runProcess$0(ProgressManager.java:100)
	at com.intellij.openapi.progress.impl.CoreProgressManager.lambda$runProcess$1(CoreProgressManager.java:221)
	at com.intellij.platform.diagnostic.telemetry.helpers.TraceKt.use(trace.kt:46)
	at com.intellij.openapi.progress.impl.CoreProgressManager.lambda$runProcess$2(CoreProgressManager.java:220)
	at com.intellij.openapi.progress.impl.CoreProgressManager.lambda$executeProcessUnderProgress$13(CoreProgressManager.java:660)
	at com.intellij.openapi.progress.impl.CoreProgressManager.registerIndicatorAndRun(CoreProgressManager.java:735)
	at com.intellij.openapi.progress.impl.CoreProgressManager.computeUnderProgress(CoreProgressManager.java:691)
	at com.intellij.openapi.progress.impl.CoreProgressManager.executeProcessUnderProgress(CoreProgressManager.java:659)
	at com.intellij.openapi.progress.impl.ProgressManagerImpl.executeProcessUnderProgress(ProgressManagerImpl.java:79)
	at com.intellij.openapi.progress.impl.CoreProgressManager.runProcess(CoreProgressManager.java:202)
	at com.intellij.openapi.progress.ProgressManager.runProcess(ProgressManager.java:100)
	at com.intellij.openapi.progress.impl.ProgressRunner.lambda$submit$5(ProgressRunner.java:250)
	at com.intellij.openapi.progress.impl.ProgressRunner$ProgressRunnable.run(ProgressRunner.java:500)
	at java.base/java.util.concurrent.ThreadPoolExecutor.runWorker(ThreadPoolExecutor.java:1136)
	at java.base/java.util.concurrent.ThreadPoolExecutor$Worker.run(ThreadPoolExecutor.java:635)
	at java.base/java.util.concurrent.Executors$PrivilegedThreadFactory$1$1.run(Executors.java:702)
	at java.base/java.util.concurrent.Executors$PrivilegedThreadFactory$1$1.run(Executors.java:699)
	at java.base/java.security.AccessController.doPrivileged(AccessController.java:399)
	at java.base/java.util.concurrent.Executors$PrivilegedThreadFactory$1.run(Executors.java:699)
	at java.base/java.lang.Thread.run(Thread.java:840)
2024-10-10 19:13:44,813 [  92236] SEVERE - #o.j.k.i.g.configuration - Android Studio Koala Feature Drop | 2024.1.2 Patch 1  Build #AI-241.19072.14.2412.12360217
2024-10-10 19:13:44,813 [  92236] SEVERE - #o.j.k.i.g.configuration - JDK: 17.0.11; VM: OpenJDK 64-Bit Server VM; Vendor: JetBrains s.r.o.
2024-10-10 19:13:44,814 [  92237] SEVERE - #o.j.k.i.g.configuration - OS: Linux
2024-10-10 19:13:44,814 [  92237] SEVERE - #o.j.k.i.g.configuration - Plugin to blame: Kotlin version: 241.19072.14.2412.12360217-AS
2024-10-10 19:13:44,821 [  92244] SEVERE - #o.j.k.i.g.configuration - [Kotlin Facet]: cannot create facet for module 'android.app.unitTest' due to unknown compiler version. Some functionality might become unavailable!
java.lang.Throwable: [Kotlin Facet]: cannot create facet for module 'android.app.unitTest' due to unknown compiler version. Some functionality might become unavailable!
	at com.intellij.openapi.diagnostic.Logger.error(Logger.java:376)
	at org.jetbrains.kotlin.idea.gradleJava.configuration.KotlinGradleSourceSetDataServiceKt.configureFacetByGradleModule(KotlinGradleSourceSetDataService.kt:262)
	at org.jetbrains.kotlin.idea.gradleJava.configuration.KotlinGradleSourceSetDataServiceKt.configureFacetByGradleModule$default(KotlinGradleSourceSetDataService.kt:232)
	at org.jetbrains.kotlin.idea.gradleJava.configuration.KotlinGradleSourceSetDataService.postProcess(KotlinGradleSourceSetDataService.kt:108)
	at com.intellij.openapi.externalSystem.service.project.manage.ProjectDataManagerImpl.lambda$doImportData$7(ProjectDataManagerImpl.java:351)
	at com.intellij.openapi.externalSystem.service.project.manage.ProjectDataManagerImpl.lambda$importData$2(ProjectDataManagerImpl.java:184)
	at com.intellij.platform.diagnostic.telemetry.helpers.TraceKt.runWithSpan(trace.kt:113)
	at com.intellij.openapi.externalSystem.util.ExternalSystemTelemetryUtil.runWithSpan(ExternalSystemTelemetryUtil.java:28)
	at com.intellij.openapi.externalSystem.service.project.manage.ProjectDataManagerImpl.importData(ProjectDataManagerImpl.java:182)
	at com.intellij.openapi.externalSystem.service.project.manage.ProjectDataManagerImpl.importData(ProjectDataManagerImpl.java:92)
	at com.android.tools.idea.gradle.project.sync.idea.IdeaSyncPopulateProjectTask.populateProject(IdeaSyncPopulateProjectTask.java:59)
	at com.android.tools.idea.gradle.project.sync.idea.ProjectSetUpTask.doPopulateProject(ProjectSetUpTask.java:54)
	at com.android.tools.idea.gradle.project.sync.idea.ProjectSetUpTask.onSuccess(ProjectSetUpTask.java:48)
	at com.intellij.openapi.externalSystem.util.ExternalSystemUtil.handleSyncResult(ExternalSystemUtil.java:565)
	at com.intellij.openapi.externalSystem.util.ExternalSystemUtil.lambda$executeSync$0(ExternalSystemUtil.java:472)
	at com.intellij.platform.diagnostic.telemetry.helpers.TraceKt.runWithSpan(trace.kt:113)
	at com.intellij.openapi.externalSystem.util.ExternalSystemTelemetryUtil.runWithSpan(ExternalSystemTelemetryUtil.java:28)
	at com.intellij.openapi.externalSystem.util.ExternalSystemUtil.executeSync(ExternalSystemUtil.java:471)
	at com.intellij.openapi.externalSystem.util.ExternalSystemUtil$2.lambda$execute$0(ExternalSystemUtil.java:329)
	at com.intellij.platform.diagnostic.telemetry.helpers.TraceKt.runWithSpan(trace.kt:113)
	at com.intellij.openapi.externalSystem.util.ExternalSystemTelemetryUtil.runWithSpan(ExternalSystemTelemetryUtil.java:28)
	at com.intellij.openapi.externalSystem.util.ExternalSystemUtil$2.execute(ExternalSystemUtil.java:328)
	at com.intellij.openapi.externalSystem.util.ExternalSystemTaskUnderProgress$2.run(ExternalSystemTaskUnderProgress.java:53)
	at com.intellij.openapi.progress.impl.CoreProgressManager.startTask(CoreProgressManager.java:477)
	at com.intellij.openapi.progress.impl.ProgressManagerImpl.startTask(ProgressManagerImpl.java:133)
	at com.intellij.openapi.progress.impl.CoreProgressManager.lambda$runProcessWithProgressAsynchronously$6(CoreProgressManager.java:528)
	at com.intellij.openapi.progress.impl.ProgressRunner.lambda$submit$4(ProgressRunner.java:250)
	at com.intellij.openapi.progress.ProgressManager.lambda$runProcess$0(ProgressManager.java:100)
	at com.intellij.openapi.progress.impl.CoreProgressManager.lambda$runProcess$1(CoreProgressManager.java:221)
	at com.intellij.platform.diagnostic.telemetry.helpers.TraceKt.use(trace.kt:46)
	at com.intellij.openapi.progress.impl.CoreProgressManager.lambda$runProcess$2(CoreProgressManager.java:220)
	at com.intellij.openapi.progress.impl.CoreProgressManager.lambda$executeProcessUnderProgress$13(CoreProgressManager.java:660)
	at com.intellij.openapi.progress.impl.CoreProgressManager.registerIndicatorAndRun(CoreProgressManager.java:735)
	at com.intellij.openapi.progress.impl.CoreProgressManager.computeUnderProgress(CoreProgressManager.java:691)
	at com.intellij.openapi.progress.impl.CoreProgressManager.executeProcessUnderProgress(CoreProgressManager.java:659)
	at com.intellij.openapi.progress.impl.ProgressManagerImpl.executeProcessUnderProgress(ProgressManagerImpl.java:79)
	at com.intellij.openapi.progress.impl.CoreProgressManager.runProcess(CoreProgressManager.java:202)
	at com.intellij.openapi.progress.ProgressManager.runProcess(ProgressManager.java:100)
	at com.intellij.openapi.progress.impl.ProgressRunner.lambda$submit$5(ProgressRunner.java:250)
	at com.intellij.openapi.progress.impl.ProgressRunner$ProgressRunnable.run(ProgressRunner.java:500)
	at java.base/java.util.concurrent.ThreadPoolExecutor.runWorker(ThreadPoolExecutor.java:1136)
	at java.base/java.util.concurrent.ThreadPoolExecutor$Worker.run(ThreadPoolExecutor.java:635)
	at java.base/java.util.concurrent.Executors$PrivilegedThreadFactory$1$1.run(Executors.java:702)
	at java.base/java.util.concurrent.Executors$PrivilegedThreadFactory$1$1.run(Executors.java:699)
	at java.base/java.security.AccessController.doPrivileged(AccessController.java:399)
	at java.base/java.util.concurrent.Executors$PrivilegedThreadFactory$1.run(Executors.java:699)
	at java.base/java.lang.Thread.run(Thread.java:840)
2024-10-10 19:13:44,823 [  92246] SEVERE - #o.j.k.i.g.configuration - Android Studio Koala Feature Drop | 2024.1.2 Patch 1  Build #AI-241.19072.14.2412.12360217
2024-10-10 19:13:44,823 [  92246] SEVERE - #o.j.k.i.g.configuration - JDK: 17.0.11; VM: OpenJDK 64-Bit Server VM; Vendor: JetBrains s.r.o.
2024-10-10 19:13:44,823 [  92246] SEVERE - #o.j.k.i.g.configuration - OS: Linux
2024-10-10 19:13:44,824 [  92247] SEVERE - #o.j.k.i.g.configuration - Plugin to blame: Kotlin version: 241.19072.14.2412.12360217-AS
2024-10-10 19:13:44,825 [  92248] SEVERE - #o.j.k.i.g.configuration - [Kotlin Facet]: cannot create facet for module 'android.app.androidTest' due to unknown compiler version. Some functionality might become unavailable!
java.lang.Throwable: [Kotlin Facet]: cannot create facet for module 'android.app.androidTest' due to unknown compiler version. Some functionality might become unavailable!
	at com.intellij.openapi.diagnostic.Logger.error(Logger.java:376)
	at org.jetbrains.kotlin.idea.gradleJava.configuration.KotlinGradleSourceSetDataServiceKt.configureFacetByGradleModule(KotlinGradleSourceSetDataService.kt:262)
	at org.jetbrains.kotlin.idea.gradleJava.configuration.KotlinGradleSourceSetDataServiceKt.configureFacetByGradleModule$default(KotlinGradleSourceSetDataService.kt:232)
	at org.jetbrains.kotlin.idea.gradleJava.configuration.KotlinGradleSourceSetDataService.postProcess(KotlinGradleSourceSetDataService.kt:108)
	at com.intellij.openapi.externalSystem.service.project.manage.ProjectDataManagerImpl.lambda$doImportData$7(ProjectDataManagerImpl.java:351)
	at com.intellij.openapi.externalSystem.service.project.manage.ProjectDataManagerImpl.lambda$importData$2(ProjectDataManagerImpl.java:184)
	at com.intellij.platform.diagnostic.telemetry.helpers.TraceKt.runWithSpan(trace.kt:113)
	at com.intellij.openapi.externalSystem.util.ExternalSystemTelemetryUtil.runWithSpan(ExternalSystemTelemetryUtil.java:28)
	at com.intellij.openapi.externalSystem.service.project.manage.ProjectDataManagerImpl.importData(ProjectDataManagerImpl.java:182)
	at com.intellij.openapi.externalSystem.service.project.manage.ProjectDataManagerImpl.importData(ProjectDataManagerImpl.java:92)
	at com.android.tools.idea.gradle.project.sync.idea.IdeaSyncPopulateProjectTask.populateProject(IdeaSyncPopulateProjectTask.java:59)
	at com.android.tools.idea.gradle.project.sync.idea.ProjectSetUpTask.doPopulateProject(ProjectSetUpTask.java:54)
	at com.android.tools.idea.gradle.project.sync.idea.ProjectSetUpTask.onSuccess(ProjectSetUpTask.java:48)
	at com.intellij.openapi.externalSystem.util.ExternalSystemUtil.handleSyncResult(ExternalSystemUtil.java:565)
	at com.intellij.openapi.externalSystem.util.ExternalSystemUtil.lambda$executeSync$0(ExternalSystemUtil.java:472)
	at com.intellij.platform.diagnostic.telemetry.helpers.TraceKt.runWithSpan(trace.kt:113)
	at com.intellij.openapi.externalSystem.util.ExternalSystemTelemetryUtil.runWithSpan(ExternalSystemTelemetryUtil.java:28)
	at com.intellij.openapi.externalSystem.util.ExternalSystemUtil.executeSync(ExternalSystemUtil.java:471)
	at com.intellij.openapi.externalSystem.util.ExternalSystemUtil$2.lambda$execute$0(ExternalSystemUtil.java:329)
	at com.intellij.platform.diagnostic.telemetry.helpers.TraceKt.runWithSpan(trace.kt:113)
	at com.intellij.openapi.externalSystem.util.ExternalSystemTelemetryUtil.runWithSpan(ExternalSystemTelemetryUtil.java:28)
	at com.intellij.openapi.externalSystem.util.ExternalSystemUtil$2.execute(ExternalSystemUtil.java:328)
	at com.intellij.openapi.externalSystem.util.ExternalSystemTaskUnderProgress$2.run(ExternalSystemTaskUnderProgress.java:53)
	at com.intellij.openapi.progress.impl.CoreProgressManager.startTask(CoreProgressManager.java:477)
	at com.intellij.openapi.progress.impl.ProgressManagerImpl.startTask(ProgressManagerImpl.java:133)
	at com.intellij.openapi.progress.impl.CoreProgressManager.lambda$runProcessWithProgressAsynchronously$6(CoreProgressManager.java:528)
	at com.intellij.openapi.progress.impl.ProgressRunner.lambda$submit$4(ProgressRunner.java:250)
	at com.intellij.openapi.progress.ProgressManager.lambda$runProcess$0(ProgressManager.java:100)
	at com.intellij.openapi.progress.impl.CoreProgressManager.lambda$runProcess$1(CoreProgressManager.java:221)
	at com.intellij.platform.diagnostic.telemetry.helpers.TraceKt.use(trace.kt:46)
	at com.intellij.openapi.progress.impl.CoreProgressManager.lambda$runProcess$2(CoreProgressManager.java:220)
	at com.intellij.openapi.progress.impl.CoreProgressManager.lambda$executeProcessUnderProgress$13(CoreProgressManager.java:660)
	at com.intellij.openapi.progress.impl.CoreProgressManager.registerIndicatorAndRun(CoreProgressManager.java:735)
	at com.intellij.openapi.progress.impl.CoreProgressManager.computeUnderProgress(CoreProgressManager.java:691)
	at com.intellij.openapi.progress.impl.CoreProgressManager.executeProcessUnderProgress(CoreProgressManager.java:659)
	at com.intellij.openapi.progress.impl.ProgressManagerImpl.executeProcessUnderProgress(ProgressManagerImpl.java:79)
	at com.intellij.openapi.progress.impl.CoreProgressManager.runProcess(CoreProgressManager.java:202)
	at com.intellij.openapi.progress.ProgressManager.runProcess(ProgressManager.java:100)
	at com.intellij.openapi.progress.impl.ProgressRunner.lambda$submit$5(ProgressRunner.java:250)
	at com.intellij.openapi.progress.impl.ProgressRunner$ProgressRunnable.run(ProgressRunner.java:500)
	at java.base/java.util.concurrent.ThreadPoolExecutor.runWorker(ThreadPoolExecutor.java:1136)
	at java.base/java.util.concurrent.ThreadPoolExecutor$Worker.run(ThreadPoolExecutor.java:635)
	at java.base/java.util.concurrent.Executors$PrivilegedThreadFactory$1$1.run(Executors.java:702)
	at java.base/java.util.concurrent.Executors$PrivilegedThreadFactory$1$1.run(Executors.java:699)
	at java.base/java.security.AccessController.doPrivileged(AccessController.java:399)
	at java.base/java.util.concurrent.Executors$PrivilegedThreadFactory$1.run(Executors.java:699)
	at java.base/java.lang.Thread.run(Thread.java:840)
2024-10-10 19:13:44,828 [  92251] SEVERE - #o.j.k.i.g.configuration - Android Studio Koala Feature Drop | 2024.1.2 Patch 1  Build #AI-241.19072.14.2412.12360217
2024-10-10 19:13:44,828 [  92251] SEVERE - #o.j.k.i.g.configuration - JDK: 17.0.11; VM: OpenJDK 64-Bit Server VM; Vendor: JetBrains s.r.o.
2024-10-10 19:13:44,828 [  92251] SEVERE - #o.j.k.i.g.configuration - OS: Linux
2024-10-10 19:13:44,829 [  92252] SEVERE - #o.j.k.i.g.configuration - Plugin to blame: Kotlin version: 241.19072.14.2412.12360217-AS
